<?xml version="1.0" encoding="UTF-8"?>
<testsuite xmlns:xsi="http://www.w3.org/2001/XMLSchema-instance" xsi:noNamespaceSchemaLocation="https://maven.apache.org/surefire/maven-surefire-plugin/xsd/surefire-test-report-3.0.xsd" version="3.0" name="com.bioinfotools.BioinfoTools.AppTest" time="0.047" tests="1" errors="0" skipped="0" failures="0">
  <properties>
    <property name="java.specification.version" value="21"/>
    <property name="sun.cpu.isalist" value="amd64"/>
    <property name="sun.jnu.encoding" value="Cp1252"/>
    <property name="java.class.path" value="C:\Users\raanna\Desktop\BioinfoTools\BioinfoTools\target\test-classes;C:\Users\raanna\Desktop\BioinfoTools\BioinfoTools\target\classes;C:\Users\raanna\.m2\repository\junit\junit\3.8.1\junit-3.8.1.jar;C:\Users\raanna\.m2\repository\org\biojava\biojava-alignment\7.1.1\biojava-alignment-7.1.1.jar;C:\Users\raanna\.m2\repository\org\biojava\thirdparty\forester\1.039\forester-1.039.jar;C:\Users\raanna\.m2\repository\commons-codec\commons-codec\1.5\commons-codec-1.5.jar;C:\Users\raanna\.m2\repository\openchart\openchart\1.4.2\openchart-1.4.2.jar;C:\Users\raanna\.m2\repository\org\slf4j\slf4j-api\1.7.36\slf4j-api-1.7.36.jar;C:\Users\raanna\.m2\repository\org\apache\logging\log4j\log4j-slf4j-impl\2.22.0\log4j-slf4j-impl-2.22.0.jar;C:\Users\raanna\.m2\repository\org\apache\logging\log4j\log4j-api\2.22.0\log4j-api-2.22.0.jar;C:\Users\raanna\.m2\repository\org\apache\logging\log4j\log4j-core\2.22.0\log4j-core-2.22.0.jar;C:\Users\raanna\.m2\repository\org\biojava\biojava-core\7.1.1\biojava-core-7.1.1.jar;C:\Users\raanna\.m2\repository\jakarta\xml\bind\jakarta.xml.bind-api\4.0.0\jakarta.xml.bind-api-4.0.0.jar;C:\Users\raanna\.m2\repository\jakarta\activation\jakarta.activation-api\2.1.0\jakarta.activation-api-2.1.0.jar;C:\Users\raanna\.m2\repository\org\glassfish\jaxb\jaxb-runtime\4.0.3\jaxb-runtime-4.0.3.jar;C:\Users\raanna\.m2\repository\org\glassfish\jaxb\jaxb-core\4.0.3\jaxb-core-4.0.3.jar;C:\Users\raanna\.m2\repository\org\eclipse\angus\angus-activation\2.0.1\angus-activation-2.0.1.jar;C:\Users\raanna\.m2\repository\org\glassfish\jaxb\txw2\4.0.3\txw2-4.0.3.jar;C:\Users\raanna\.m2\repository\com\sun\istack\istack-commons-runtime\4.1.2\istack-commons-runtime-4.1.2.jar;C:\Users\raanna\.m2\repository\org\biojava\biojava-phylo\4.2.12\biojava-phylo-4.2.12.jar;C:\Users\raanna\.m2\repository\org\biojava\biojava-structure\7.1.1\biojava-structure-7.1.1.jar;C:\Users\raanna\.m2\repository\org\rcsb\ciftools-java\5.0.1\ciftools-java-5.0.1.jar;C:\Users\raanna\.m2\repository\javax\annotation\javax.annotation-api\1.3.2\javax.annotation-api-1.3.2.jar;C:\Users\raanna\.m2\repository\com\google\code\gson\gson\2.10\gson-2.10.jar;C:\Users\raanna\.m2\repository\org\rcsb\mmtf-api\1.0.11\mmtf-api-1.0.11.jar;C:\Users\raanna\.m2\repository\org\rcsb\mmtf-serialization\1.0.11\mmtf-serialization-1.0.11.jar;C:\Users\raanna\.m2\repository\org\msgpack\jackson-dataformat-msgpack\0.8.24\jackson-dataformat-msgpack-0.8.24.jar;C:\Users\raanna\.m2\repository\org\msgpack\msgpack-core\0.8.24\msgpack-core-0.8.24.jar;C:\Users\raanna\.m2\repository\org\rcsb\mmtf-codec\1.0.11\mmtf-codec-1.0.11.jar;C:\Users\raanna\.m2\repository\commons-lang\commons-lang\2.4\commons-lang-2.4.jar;C:\Users\raanna\.m2\repository\java3d\vecmath\1.3.1\vecmath-1.3.1.jar;C:\Users\raanna\.m2\repository\org\jgrapht\jgrapht-core\1.4.0\jgrapht-core-1.4.0.jar;C:\Users\raanna\.m2\repository\org\jheaps\jheaps\0.11\jheaps-0.11.jar;C:\Users\raanna\.m2\repository\com\fasterxml\jackson\core\jackson-databind\2.13.4.2\jackson-databind-2.13.4.2.jar;C:\Users\raanna\.m2\repository\com\fasterxml\jackson\core\jackson-annotations\2.13.4\jackson-annotations-2.13.4.jar;C:\Users\raanna\.m2\repository\com\fasterxml\jackson\core\jackson-core\2.13.4\jackson-core-2.13.4.jar;C:\Users\raanna\.m2\repository\org\biojava\biojava-structure-gui\7.1.1\biojava-structure-gui-7.1.1.jar;C:\Users\raanna\.m2\repository\net\sourceforge\jmol\jmol\14.31.10\jmol-14.31.10.jar;C:\Users\raanna\.m2\repository\org\biojava\jcolorbrewer\5.2\jcolorbrewer-5.2.jar;C:\Users\raanna\.m2\repository\org\biojava\biojava-modfinder\7.1.1\biojava-modfinder-7.1.1.jar;"/>
    <property name="java.vm.vendor" value="Oracle Corporation"/>
    <property name="sun.arch.data.model" value="64"/>
    <property name="user.variant" value=""/>
    <property name="java.vendor.url" value="https://java.oracle.com/"/>
    <property name="user.timezone" value="Asia/Calcutta"/>
    <property name="os.name" value="Windows 10"/>
    <property name="java.vm.specification.version" value="21"/>
    <property name="sun.java.launcher" value="SUN_STANDARD"/>
    <property name="user.country" value="IN"/>
    <property name="sun.boot.library.path" value="C:\Program Files\Java\jdk-21\bin"/>
    <property name="sun.java.command" value="C:\Users\raanna\AppData\Local\Temp\surefire5867065714971204801\surefirebooter-20240310104722539_3.jar C:\Users\raanna\AppData\Local\Temp\surefire5867065714971204801 2024-03-10T10-47-20_649-jvmRun1 surefire-20240310104722539_1tmp surefire_0-20240310104722539_2tmp"/>
    <property name="jdk.debug" value="release"/>
    <property name="surefire.test.class.path" value="C:\Users\raanna\Desktop\BioinfoTools\BioinfoTools\target\test-classes;C:\Users\raanna\Desktop\BioinfoTools\BioinfoTools\target\classes;C:\Users\raanna\.m2\repository\junit\junit\3.8.1\junit-3.8.1.jar;C:\Users\raanna\.m2\repository\org\biojava\biojava-alignment\7.1.1\biojava-alignment-7.1.1.jar;C:\Users\raanna\.m2\repository\org\biojava\thirdparty\forester\1.039\forester-1.039.jar;C:\Users\raanna\.m2\repository\commons-codec\commons-codec\1.5\commons-codec-1.5.jar;C:\Users\raanna\.m2\repository\openchart\openchart\1.4.2\openchart-1.4.2.jar;C:\Users\raanna\.m2\repository\org\slf4j\slf4j-api\1.7.36\slf4j-api-1.7.36.jar;C:\Users\raanna\.m2\repository\org\apache\logging\log4j\log4j-slf4j-impl\2.22.0\log4j-slf4j-impl-2.22.0.jar;C:\Users\raanna\.m2\repository\org\apache\logging\log4j\log4j-api\2.22.0\log4j-api-2.22.0.jar;C:\Users\raanna\.m2\repository\org\apache\logging\log4j\log4j-core\2.22.0\log4j-core-2.22.0.jar;C:\Users\raanna\.m2\repository\org\biojava\biojava-core\7.1.1\biojava-core-7.1.1.jar;C:\Users\raanna\.m2\repository\jakarta\xml\bind\jakarta.xml.bind-api\4.0.0\jakarta.xml.bind-api-4.0.0.jar;C:\Users\raanna\.m2\repository\jakarta\activation\jakarta.activation-api\2.1.0\jakarta.activation-api-2.1.0.jar;C:\Users\raanna\.m2\repository\org\glassfish\jaxb\jaxb-runtime\4.0.3\jaxb-runtime-4.0.3.jar;C:\Users\raanna\.m2\repository\org\glassfish\jaxb\jaxb-core\4.0.3\jaxb-core-4.0.3.jar;C:\Users\raanna\.m2\repository\org\eclipse\angus\angus-activation\2.0.1\angus-activation-2.0.1.jar;C:\Users\raanna\.m2\repository\org\glassfish\jaxb\txw2\4.0.3\txw2-4.0.3.jar;C:\Users\raanna\.m2\repository\com\sun\istack\istack-commons-runtime\4.1.2\istack-commons-runtime-4.1.2.jar;C:\Users\raanna\.m2\repository\org\biojava\biojava-phylo\4.2.12\biojava-phylo-4.2.12.jar;C:\Users\raanna\.m2\repository\org\biojava\biojava-structure\7.1.1\biojava-structure-7.1.1.jar;C:\Users\raanna\.m2\repository\org\rcsb\ciftools-java\5.0.1\ciftools-java-5.0.1.jar;C:\Users\raanna\.m2\repository\javax\annotation\javax.annotation-api\1.3.2\javax.annotation-api-1.3.2.jar;C:\Users\raanna\.m2\repository\com\google\code\gson\gson\2.10\gson-2.10.jar;C:\Users\raanna\.m2\repository\org\rcsb\mmtf-api\1.0.11\mmtf-api-1.0.11.jar;C:\Users\raanna\.m2\repository\org\rcsb\mmtf-serialization\1.0.11\mmtf-serialization-1.0.11.jar;C:\Users\raanna\.m2\repository\org\msgpack\jackson-dataformat-msgpack\0.8.24\jackson-dataformat-msgpack-0.8.24.jar;C:\Users\raanna\.m2\repository\org\msgpack\msgpack-core\0.8.24\msgpack-core-0.8.24.jar;C:\Users\raanna\.m2\repository\org\rcsb\mmtf-codec\1.0.11\mmtf-codec-1.0.11.jar;C:\Users\raanna\.m2\repository\commons-lang\commons-lang\2.4\commons-lang-2.4.jar;C:\Users\raanna\.m2\repository\java3d\vecmath\1.3.1\vecmath-1.3.1.jar;C:\Users\raanna\.m2\repository\org\jgrapht\jgrapht-core\1.4.0\jgrapht-core-1.4.0.jar;C:\Users\raanna\.m2\repository\org\jheaps\jheaps\0.11\jheaps-0.11.jar;C:\Users\raanna\.m2\repository\com\fasterxml\jackson\core\jackson-databind\2.13.4.2\jackson-databind-2.13.4.2.jar;C:\Users\raanna\.m2\repository\com\fasterxml\jackson\core\jackson-annotations\2.13.4\jackson-annotations-2.13.4.jar;C:\Users\raanna\.m2\repository\com\fasterxml\jackson\core\jackson-core\2.13.4\jackson-core-2.13.4.jar;C:\Users\raanna\.m2\repository\org\biojava\biojava-structure-gui\7.1.1\biojava-structure-gui-7.1.1.jar;C:\Users\raanna\.m2\repository\net\sourceforge\jmol\jmol\14.31.10\jmol-14.31.10.jar;C:\Users\raanna\.m2\repository\org\biojava\jcolorbrewer\5.2\jcolorbrewer-5.2.jar;C:\Users\raanna\.m2\repository\org\biojava\biojava-modfinder\7.1.1\biojava-modfinder-7.1.1.jar;"/>
    <property name="sun.cpu.endian" value="little"/>
    <property name="user.home" value="C:\Users\raanna"/>
    <property name="user.language" value="en"/>
    <property name="java.specification.vendor" value="Oracle Corporation"/>
    <property name="java.version.date" value="2024-01-16"/>
    <property name="java.home" value="C:\Program Files\Java\jdk-21"/>
    <property name="file.separator" value="\"/>
    <property name="basedir" value="C:\Users\raanna\Desktop\BioinfoTools\BioinfoTools"/>
    <property name="java.vm.compressedOopsMode" value="32-bit"/>
    <property name="line.separator" value="&#10;"/>
    <property name="java.vm.specification.vendor" value="Oracle Corporation"/>
    <property name="java.specification.name" value="Java Platform API Specification"/>
    <property name="surefire.real.class.path" value="C:\Users\raanna\AppData\Local\Temp\surefire5867065714971204801\surefirebooter-20240310104722539_3.jar"/>
    <property name="user.script" value=""/>
    <property name="sun.management.compiler" value="HotSpot 64-Bit Tiered Compilers"/>
    <property name="java.runtime.version" value="21.0.2+13-LTS-58"/>
    <property name="user.name" value="raanna"/>
    <property name="stdout.encoding" value="Cp1252"/>
    <property name="path.separator" value=";"/>
    <property name="os.version" value="10.0"/>
    <property name="java.runtime.name" value="Java(TM) SE Runtime Environment"/>
    <property name="file.encoding" value="UTF-8"/>
    <property name="java.vm.name" value="Java HotSpot(TM) 64-Bit Server VM"/>
    <property name="localRepository" value="C:\Users\raanna\.m2\repository"/>
    <property name="java.vendor.url.bug" value="https://bugreport.java.com/bugreport/"/>
    <property name="java.io.tmpdir" value="C:\Users\raanna\AppData\Local\Temp\"/>
    <property name="java.version" value="21.0.2"/>
    <property name="user.dir" value="C:\Users\raanna\Desktop\BioinfoTools\BioinfoTools"/>
    <property name="os.arch" value="amd64"/>
    <property name="java.vm.specification.name" value="Java Virtual Machine Specification"/>
    <property name="sun.os.patch.level" value=""/>
    <property name="native.encoding" value="Cp1252"/>
    <property name="java.library.path" value="C:\Program Files\Java\jdk-21\bin;C:\WINDOWS\Sun\Java\bin;C:\WINDOWS\system32;C:\WINDOWS;C:\Python312\Scripts\;C:\Python312\;C:\Program Files\Common Files\Oracle\Java\javapath;C:\Program Files\Python311\Scripts\;C:\Program Files\Python311\;C:\WINDOWS\system32;C:\WINDOWS;C:\WINDOWS\System32\Wbem;C:\WINDOWS\System32\WindowsPowerShell\v1.0\;C:\WINDOWS\System32\OpenSSH\;C:\Program Files\Microsoft VS Code\bin;C:\Program Files\GitHub CLI\;C:\Program Files\Git\cmd;C:\Program Files\nodejs\;C:\ProgramData\chocolatey\bin;C:\apache-maven-3.9.6\bin;C:\Gradle\gradle-8.6\bin;C:\Users\raanna\AppData\Local\Microsoft\WindowsApps;C:\Users\raanna\AppData\Roaming\npm;."/>
    <property name="java.vm.info" value="mixed mode, sharing"/>
    <property name="stderr.encoding" value="Cp1252"/>
    <property name="java.vendor" value="Oracle Corporation"/>
    <property name="java.vm.version" value="21.0.2+13-LTS-58"/>
    <property name="sun.io.unicode.encoding" value="UnicodeLittle"/>
    <property name="java.class.version" value="65.0"/>
  </properties>
  <testcase name="testApp" classname="com.bioinfotools.BioinfoTools.AppTest" time="0.006"/>
</testsuite>